c:\users\administrator\desktop\picture control\picture_control\picture_control\debug\picture_control.pch
c:\users\administrator\desktop\picture control\picture_control\picture_control\debug\vc142.pdb
c:\users\administrator\desktop\picture control\picture_control\picture_control\debug\vc142.idb
c:\users\administrator\desktop\picture control\picture_control\picture_control\debug\pch.obj
c:\users\administrator\desktop\picture control\picture_control\picture_control\debug\picture_controldlg.obj
c:\users\administrator\desktop\picture control\picture_control\picture_control\debug\picture_control.obj
c:\users\administrator\desktop\picture control\picture_control\debug\picture_control.exe
c:\users\administrator\desktop\picture control\picture_control\debug\picture_control.ilk
c:\users\administrator\desktop\picture control\picture_control\debug\picture_control.pdb
c:\users\administrator\desktop\picture control\picture_control\picture_control\debug\picturecontrol.res
c:\users\administrator\desktop\mfcのimg\mfc_img\picture_control\picture_control\debug\pch.obj
c:\users\administrator\desktop\mfcのimg\mfc_img\picture_control\picture_control\debug\picture_control.obj
c:\users\administrator\desktop\mfcのimg\mfc_img\picture_control\picture_control\debug\picture_controldlg.obj
c:\users\administrator\desktop\mfcのimg\mfc_img\picture_control\picture_control\debug\picturecontrol.res
c:\users\administrator\desktop\mfcのimg\mfc_img\picture_control\picture_control\debug\picture_control.pch
c:\users\administrator\desktop\mfcのimg\mfc_img\picture_control\picture_control\debug\vc142.idb
c:\users\administrator\desktop\mfcのimg\mfc_img\picture_control\picture_control\debug\vc142.pdb
c:\users\administrator\desktop\mfcのimg\mfc_img\picture_control\debug\picture_control.pdb
c:\users\administrator\desktop\mfcのimg\mfc_img\picture_control\debug\picture_control.exe
c:\users\administrator\desktop\mfcのimg\mfc_img\picture_control\debug\picture_control.ilk
c:\users\administrator\desktop\mfcのimg\mfc_img\picture_control\picture_control\debug\picture_control.tlog\cl.command.1.tlog
c:\users\administrator\desktop\mfcのimg\mfc_img\picture_control\picture_control\debug\picture_control.tlog\cl.read.1.tlog
c:\users\administrator\desktop\mfcのimg\mfc_img\picture_control\picture_control\debug\picture_control.tlog\cl.write.1.tlog
c:\users\administrator\desktop\mfcのimg\mfc_img\picture_control\picture_control\debug\picture_control.tlog\link.command.1.tlog
c:\users\administrator\desktop\mfcのimg\mfc_img\picture_control\picture_control\debug\picture_control.tlog\link.read.1.tlog
c:\users\administrator\desktop\mfcのimg\mfc_img\picture_control\picture_control\debug\picture_control.tlog\link.write.1.tlog
c:\users\administrator\desktop\mfcのimg\mfc_img\picture_control\picture_control\debug\picture_control.tlog\rc.command.1.tlog
c:\users\administrator\desktop\mfcのimg\mfc_img\picture_control\picture_control\debug\picture_control.tlog\rc.read.1.tlog
c:\users\administrator\desktop\mfcのimg\mfc_img\picture_control\picture_control\debug\picture_control.tlog\rc.write.1.tlog
